Arguments: 
  C:\Program Files\nodejs\node.exe C:\Users\Bobby\.yarn\releases\yarn-1.22.10.js start

PATH: 
  C:\Program Files\Git\mingw64\bin;C:\Program Files\Git\usr\bin;C:\Users\Bobby\bin;C:\Python39\Scripts;C:\Python39;C:\Python38\Scripts;C:\Python38;C:\Program Files (x86)\Common Files\Oracle\Java\javapath;C:\windows\system32;C:\windows;C:\windows\System32\Wbem;C:\windows\System32\WindowsPowerShell\v1.0;C:\Program Files (x86)\NVIDIA Corporation\PhysX\Common;C:\WINDOWS\system32;C:\WINDOWS;C:\WINDOWS\System32\Wbem;C:\WINDOWS\System32\WindowsPowerShell\v1.0;C:\WINDOWS\System32\OpenSSH;C:\Program Files\Intel\WiFi\bin;C:\Program Files\Common Files\Intel\WirelessCommon;C:\Program Files\NVIDIA Corporation\Nsight Compute 2019.1;C:\Program Files\NVIDIA Corporation\NVIDIA NvDLISR;C:\Program Files\Geth;C:\WINDOWS\system32;C:\WINDOWS;C:\WINDOWS\System32\Wbem;C:\WINDOWS\System32\WindowsPowerShell\v1.0;C:\WINDOWS\System32\OpenSSH;C:\Program Files\KNIME\plugins\org.knime.ext.tableau.tde.bin.win32.x86_64_9.3.1.v201905311239\Tableau-SDK\bin;C:\tableau\EXTRACT API;C:\tableau\EXTRACT API\Java;C:\tableau\EXTRACT API\bin;C:\ProgramData\chocolatey\bin;C:\Program Files\Microsoft VS Code\bin;C:\Program Files\Microsoft S;C:\Program Files (x86)\Yarn\bin;C:\Program Files\dotnet;C:\Program Files (x86)\dotnet;C:\Program Files\Git\cmd;C:\Users\Bobby\AppData\Roaming\nvm;C:\Program Files\nodejs;C:\Program Files\nodejs;C:\Program Files (x86)\php-7.4.14;C:\ProgramData\ComposerSetup\bin;C:\Users\Dev\.windows-build-tools\python27;C:\Users\Bobby\AppData\Local\Programs\Python\Python37\Scripts;C:\Users\Bobby\AppData\Local\Programs\Python\Python37;C:\Users\Bobby\AppData\Local\Microsoft\WindowsApps;C:\Users\Bobby\AppData\Local\atom\bin;C:\Users\Bobby\AppData\Local\Programs\Microsoft VS Code\bin;C:\Users\Bobby\AppData\Local\Programs\ipfs-desktop\resources\app.asar.unpacked\out\ipfs-on-path\scripts\bin-win;C:\Users\Bobby\AppData\Local\Microsoft\WindowsApps;C:\Program Files\Docker Toolbox;C:\Users\Bobby\AppData\Local\Yarn\bin;C:\Users\Bobby\.dotnet\tools;C:\Program Files\Java\jdk-14.0.1\bin;C:\flutter_windows_1.17.0-stable\flutter\bin;C:\tools\dart-sdk\bin;C:\Users\Bobby\AppData\Roaming\Pub\Cache\bin;C:\Users\Bobby\AppData\Roaming\npm;C:\Users\Bobby\AppData\Local\hyper\app-3.0.2\resources\bin;C:\Users\Bobby\AppData\Roaming\Composer\vendor\bin

Yarn version: 
  1.22.10

Node version: 
  14.15.3

Platform: 
  win32 x64

Trace: 
  SyntaxError: D:\projects\technovert.com\Raw.technovert.com\package.json: Unexpected token / in JSON at position 216
      at JSON.parse (<anonymous>)
      at C:\Users\Bobby\.yarn\releases\yarn-1.22.10.js:1098:57
      at Generator.next (<anonymous>)
      at step (C:\Users\Bobby\.yarn\releases\yarn-1.22.10.js:310:30)
      at C:\Users\Bobby\.yarn\releases\yarn-1.22.10.js:321:13

npm manifest: 
  {
    "name": "htmlboilerplate",
    "version": "1.0.0",
    "description": "Technovert.com",
    "author": "Technovert Devs",
    "license": "MIT",
    "private": true,
    "scripts": {
      "build": "gulp",
      "start": "rimraf("/public") && gulp serve",
      "prod": "cross-env NODE_ENV=prod gulp"
    },
    "devDependencies": {
      "browser-sync": "^2.26.7",
      "cross-env": "^7.0.2",
      "gulp": "^4.0.2",
      "gulp-clean": "^0.4.0",
      "gulp-concat": "^2.6.1",
      "gulp-cssbeautify": "^2.0.1",
      "gulp-cssmin": "^0.2.0",
      "gulp-gzip": "^1.4.2",
      "gulp-html-beautify": "^1.0.1",
      "gulp-html-partial": "^1.0.1",
      "gulp-htmlmin": "^5.0.1",
      "gulp-if": "^2.0.2",
      "gulp-imagemin": "^5.0.3",
      "gulp-js-import": "^1.0.6",
      "gulp-sass": "^4.1.0",
      "gulp-sourcemaps": "^2.6.5",
      "gulp-uglify": "^3.0.2"
    }
  }

yarn manifest: 
  No manifest

Lockfile: 
  No lockfile
